<?xml version="1.0" encoding="UTF-8"?>
<testsuite name="lab_13_test.task_02_test.MainTest" tests="1" skipped="0" failures="0" errors="0" timestamp="2022-09-23T08:46:28" hostname="bebra" time="0.027">
  <properties/>
  <testcase name="testOne()" classname="lab_13_test.task_02_test.MainTest" time="0.027"/>
  <system-out><![CDATA[]]></system-out>
  <system-err><![CDATA[]]></system-err>
</testsuite>
